Release 14.7 - xst P.20131013 (lin64)
Copyright (c) 1995-2013 Xilinx, Inc.  All rights reserved.
--> 
Parameter TMPDIR set to xst/projnav.tmp


Total REAL time to Xst completion: 0.00 secs
Total CPU time to Xst completion: 0.08 secs
 
--> 
Parameter xsthdpdir set to xst


Total REAL time to Xst completion: 0.00 secs
Total CPU time to Xst completion: 0.08 secs
 
--> 
Reading design: n_normal.prj

TABLE OF CONTENTS
  1) Synthesis Options Summary
  2) HDL Parsing
  3) HDL Elaboration
  4) HDL Synthesis
       4.1) HDL Synthesis Report
  5) Advanced HDL Synthesis
       5.1) Advanced HDL Synthesis Report
  6) Low Level Synthesis
  7) Partition Report
  8) Design Summary
       8.1) Primitive and Black Box Usage
       8.2) Device utilization summary
       8.3) Partition Resource Summary
       8.4) Timing Report
            8.4.1) Clock Information
            8.4.2) Asynchronous Control Signals Information
            8.4.3) Timing Summary
            8.4.4) Timing Details
            8.4.5) Cross Clock Domains Report


=========================================================================
*                      Synthesis Options Summary                        *
=========================================================================
---- Source Parameters
Input File Name                    : "n_normal.prj"
Ignore Synthesis Constraint File   : NO

---- Target Parameters
Output File Name                   : "n_normal"
Output Format                      : NGC
Target Device                      : xc6slx75-2-fgg676

---- Source Options
Top Module Name                    : n_normal
Automatic FSM Extraction           : YES
FSM Encoding Algorithm             : Auto
Safe Implementation                : No
FSM Style                          : LUT
RAM Extraction                     : Yes
RAM Style                          : Auto
ROM Extraction                     : Yes
Shift Register Extraction          : YES
ROM Style                          : Auto
Resource Sharing                   : YES
Asynchronous To Synchronous        : NO
Shift Register Minimum Size        : 2
Use DSP Block                      : Auto
Automatic Register Balancing       : No

---- Target Options
LUT Combining                      : Auto
Reduce Control Sets                : Auto
Add IO Buffers                     : YES
Global Maximum Fanout              : 100000
Add Generic Clock Buffer(BUFG)     : 16
Register Duplication               : YES
Optimize Instantiated Primitives   : NO
Use Clock Enable                   : Auto
Use Synchronous Set                : Auto
Use Synchronous Reset              : Auto
Pack IO Registers into IOBs        : Auto
Equivalent register Removal        : YES

---- General Options
Optimization Goal                  : Speed
Optimization Effort                : 1
Power Reduction                    : NO
Keep Hierarchy                     : No
Netlist Hierarchy                  : As_Optimized
RTL Output                         : Yes
Global Optimization                : AllClockNets
Read Cores                         : YES
Write Timing Constraints           : NO
Cross Clock Analysis               : NO
Hierarchy Separator                : /
Bus Delimiter                      : <>
Case Specifier                     : Maintain
Slice Utilization Ratio            : 100
BRAM Utilization Ratio             : 100
DSP48 Utilization Ratio            : 100
Auto BRAM Packing                  : NO
Slice Utilization Ratio Delta      : 5

=========================================================================


=========================================================================
*                          HDL Parsing                                  *
=========================================================================
Parsing VHDL file "/home/dborquez/XilinxProjects/RK4/Mux.vhd" into library work
Parsing entity <Mux>.
Parsing architecture <Behavioral> of entity <mux>.
Parsing VHDL file "/home/dborquez/XilinxProjects/RK4/Shift.vhd" into library work
Parsing entity <Shift>.
Parsing architecture <Behavioral> of entity <shift>.
Parsing VHDL file "/home/dborquez/XilinxProjects/RK4/Comp_Exp.vhd" into library work
Parsing entity <Comp_Exp>.
Parsing architecture <Behavioral> of entity <comp_exp>.
Parsing VHDL file "/home/dborquez/XilinxProjects/RK4/n_normal.vhd" into library work
Parsing entity <n_normal>.
Parsing architecture <Behavioral> of entity <n_normal>.

=========================================================================
*                            HDL Elaboration                            *
=========================================================================

Elaborating entity <n_normal> (architecture <Behavioral>) from library <work>.

Elaborating entity <Comp_Exp> (architecture <Behavioral>) from library <work>.

Elaborating entity <Shift> (architecture <Behavioral>) from library <work>.

Elaborating entity <Mux> (architecture <Behavioral>) from library <work>.

=========================================================================
*                           HDL Synthesis                               *
=========================================================================

Synthesizing Unit <n_normal>.
    Related source file is "/home/dborquez/XilinxProjects/RK4/n_normal.vhd".
    Summary:
	no macro.
Unit <n_normal> synthesized.

Synthesizing Unit <Comp_Exp>.
    Related source file is "/home/dborquez/XilinxProjects/RK4/Comp_Exp.vhd".
    Found 11-bit adder for signal <X_6_o_EA[10]_mux_11_OUT> created at line 69.
    Found 11-bit subtractor for signal <GND_6_o_GND_6_o_sub_13_OUT<10:0>> created at line 68.
    Found 11-bit subtractor for signal <GND_6_o_GND_6_o_sub_15_OUT<10:0>> created at line 67.
    Found 11-bit comparator greater for signal <EB[10]_EA[10]_LessThan_5_o> created at line 55
    Found 11-bit comparator greater for signal <EA[10]_EB[10]_LessThan_6_o> created at line 56
    Found 57-bit comparator lessequal for signal <n0009> created at line 57
    Found 11-bit comparator lessequal for signal <n0026> created at line 73
    Summary:
	inferred   1 Adder/Subtractor(s).
	inferred   4 Comparator(s).
	inferred   9 Multiplexer(s).
Unit <Comp_Exp> synthesized.

Synthesizing Unit <Shift>.
    Related source file is "/home/dborquez/XilinxProjects/RK4/Shift.vhd".
    Summary:
	no macro.
Unit <Shift> synthesized.

Synthesizing Unit <Mux>.
    Related source file is "/home/dborquez/XilinxProjects/RK4/Mux.vhd".
    Summary:
	inferred   1 Multiplexer(s).
Unit <Mux> synthesized.

=========================================================================
HDL Synthesis Report

Macro Statistics
# Adders/Subtractors                                   : 1
 11-bit addsub                                         : 1
# Comparators                                          : 4
 11-bit comparator greater                             : 2
 11-bit comparator lessequal                           : 1
 57-bit comparator lessequal                           : 1
# Multiplexers                                         : 351
 1-bit 2-to-1 multiplexer                              : 345
 11-bit 2-to-1 multiplexer                             : 3
 57-bit 2-to-1 multiplexer                             : 2
 6-bit 2-to-1 multiplexer                              : 1

=========================================================================
INFO:Xst:1767 - HDL ADVISOR - Resource sharing has identified that some arithmetic operations in this design can share the same physical resources for reduced device utilization. For improved clock frequency you may try to disable resource sharing.

=========================================================================
*                       Advanced HDL Synthesis                          *
=========================================================================


=========================================================================
Advanced HDL Synthesis Report

Macro Statistics
# Adders/Subtractors                                   : 1
 11-bit addsub                                         : 1
# Comparators                                          : 4
 11-bit comparator greater                             : 2
 11-bit comparator lessequal                           : 1
 57-bit comparator lessequal                           : 1
# Multiplexers                                         : 351
 1-bit 2-to-1 multiplexer                              : 345
 11-bit 2-to-1 multiplexer                             : 3
 57-bit 2-to-1 multiplexer                             : 2
 6-bit 2-to-1 multiplexer                              : 1

=========================================================================

=========================================================================
*                         Low Level Synthesis                           *
=========================================================================

Optimizing unit <n_normal> ...

Optimizing unit <Comp_Exp> ...

Optimizing unit <Shift> ...

Mapping all equations...
Building and optimizing final netlist ...
Found area constraint ratio of 100 (+ 5) on block n_normal, actual ratio is 1.

Final Macro Processing ...

=========================================================================
Final Register Report

Found no macro
=========================================================================

=========================================================================
*                           Partition Report                            *
=========================================================================

Partition Implementation Status
-------------------------------

  No Partitions were found in this design.

-------------------------------

=========================================================================
*                            Design Summary                             *
=========================================================================

Top Level Output File Name         : n_normal.ngc

Primitive and Black Box Usage:
------------------------------
# BELS                             : 471
#      INV                         : 1
#      LUT2                        : 6
#      LUT3                        : 24
#      LUT4                        : 97
#      LUT5                        : 23
#      LUT6                        : 260
#      MUXCY                       : 48
#      VCC                         : 1
#      XORCY                       : 11
# IO Buffers                       : 266
#      IBUF                        : 138
#      OBUF                        : 128

Device utilization summary:
---------------------------

Selected Device : 6slx75fgg676-2 


Slice Logic Utilization: 
 Number of Slice LUTs:                  411  out of  46648     0%  
    Number used as Logic:               411  out of  46648     0%  

Slice Logic Distribution: 
 Number of LUT Flip Flop pairs used:    411
   Number with an unused Flip Flop:     411  out of    411   100%  
   Number with an unused LUT:             0  out of    411     0%  
   Number of fully used LUT-FF pairs:     0  out of    411     0%  
   Number of unique control sets:         0

IO Utilization: 
 Number of IOs:                         266
 Number of bonded IOBs:                 266  out of    408    65%  

Specific Feature Utilization:

---------------------------
Partition Resource Summary:
---------------------------

  No Partitions were found in this design.

---------------------------


=========================================================================
Timing Report

NOTE: THESE TIMING NUMBERS ARE ONLY A SYNTHESIS ESTIMATE.
      FOR ACCURATE TIMING INFORMATION PLEASE REFER TO THE TRACE REPORT
      GENERATED AFTER PLACE-and-ROUTE.

Clock Information:
------------------
No clock signals found in this design

Asynchronous Control Signals Information:
----------------------------------------
No asynchronous control signals found in this design

Timing Summary:
---------------
Speed Grade: -2

   Minimum period: No path found
   Minimum input arrival time before clock: No path found
   Maximum output required time after clock: No path found
   Maximum combinational path delay: 25.778ns

Timing Details:
---------------
All values displayed in nanoseconds (ns)

=========================================================================
Timing constraint: Default path analysis
  Total number of paths / destination ports: 20180890 / 128
-------------------------------------------------------------------------
Delay:               25.778ns (Levels of Logic = 46)
  Source:            numberB<0> (PAD)
  Destination:       MB<8> (PAD)

  Data Path: numberB<0> to MB<8>
                                Gate     Net
    Cell:in->out      fanout   Delay   Delay  Logical Name (Net Name)
    ----------------------------------------  ------------
     IBUF:I->O           141   1.328   2.611  numberB_0_IBUF (numberB_0_IBUF)
     LUT4:I0->O            1   0.254   0.000  COMP0/Mcompar_MB[56]_MA[56]_LessThan_7_o_lut<0> (COMP0/Mcompar_MB[56]_MA[56]_LessThan_7_o_lut<0>)
     MUXCY:S->O            1   0.215   0.000  COMP0/Mcompar_MB[56]_MA[56]_LessThan_7_o_cy<0> (COMP0/Mcompar_MB[56]_MA[56]_LessThan_7_o_cy<0>)
     MUXCY:CI->O           1   0.023   0.000  COMP0/Mcompar_MB[56]_MA[56]_LessThan_7_o_cy<1> (COMP0/Mcompar_MB[56]_MA[56]_LessThan_7_o_cy<1>)
     MUXCY:CI->O           1   0.023   0.000  COMP0/Mcompar_MB[56]_MA[56]_LessThan_7_o_cy<2> (COMP0/Mcompar_MB[56]_MA[56]_LessThan_7_o_cy<2>)
     MUXCY:CI->O           1   0.023   0.000  COMP0/Mcompar_MB[56]_MA[56]_LessThan_7_o_cy<3> (COMP0/Mcompar_MB[56]_MA[56]_LessThan_7_o_cy<3>)
     MUXCY:CI->O           1   0.023   0.000  COMP0/Mcompar_MB[56]_MA[56]_LessThan_7_o_cy<4> (COMP0/Mcompar_MB[56]_MA[56]_LessThan_7_o_cy<4>)
     MUXCY:CI->O           1   0.023   0.000  COMP0/Mcompar_MB[56]_MA[56]_LessThan_7_o_cy<5> (COMP0/Mcompar_MB[56]_MA[56]_LessThan_7_o_cy<5>)
     MUXCY:CI->O           1   0.023   0.000  COMP0/Mcompar_MB[56]_MA[56]_LessThan_7_o_cy<6> (COMP0/Mcompar_MB[56]_MA[56]_LessThan_7_o_cy<6>)
     MUXCY:CI->O           1   0.023   0.000  COMP0/Mcompar_MB[56]_MA[56]_LessThan_7_o_cy<7> (COMP0/Mcompar_MB[56]_MA[56]_LessThan_7_o_cy<7>)
     MUXCY:CI->O           1   0.023   0.000  COMP0/Mcompar_MB[56]_MA[56]_LessThan_7_o_cy<8> (COMP0/Mcompar_MB[56]_MA[56]_LessThan_7_o_cy<8>)
     MUXCY:CI->O           1   0.023   0.000  COMP0/Mcompar_MB[56]_MA[56]_LessThan_7_o_cy<9> (COMP0/Mcompar_MB[56]_MA[56]_LessThan_7_o_cy<9>)
     MUXCY:CI->O           1   0.023   0.000  COMP0/Mcompar_MB[56]_MA[56]_LessThan_7_o_cy<10> (COMP0/Mcompar_MB[56]_MA[56]_LessThan_7_o_cy<10>)
     MUXCY:CI->O           1   0.023   0.000  COMP0/Mcompar_MB[56]_MA[56]_LessThan_7_o_cy<11> (COMP0/Mcompar_MB[56]_MA[56]_LessThan_7_o_cy<11>)
     MUXCY:CI->O           1   0.023   0.000  COMP0/Mcompar_MB[56]_MA[56]_LessThan_7_o_cy<12> (COMP0/Mcompar_MB[56]_MA[56]_LessThan_7_o_cy<12>)
     MUXCY:CI->O           1   0.023   0.000  COMP0/Mcompar_MB[56]_MA[56]_LessThan_7_o_cy<13> (COMP0/Mcompar_MB[56]_MA[56]_LessThan_7_o_cy<13>)
     MUXCY:CI->O           1   0.023   0.000  COMP0/Mcompar_MB[56]_MA[56]_LessThan_7_o_cy<14> (COMP0/Mcompar_MB[56]_MA[56]_LessThan_7_o_cy<14>)
     MUXCY:CI->O           1   0.023   0.000  COMP0/Mcompar_MB[56]_MA[56]_LessThan_7_o_cy<15> (COMP0/Mcompar_MB[56]_MA[56]_LessThan_7_o_cy<15>)
     MUXCY:CI->O           1   0.023   0.000  COMP0/Mcompar_MB[56]_MA[56]_LessThan_7_o_cy<16> (COMP0/Mcompar_MB[56]_MA[56]_LessThan_7_o_cy<16>)
     MUXCY:CI->O           1   0.023   0.000  COMP0/Mcompar_MB[56]_MA[56]_LessThan_7_o_cy<17> (COMP0/Mcompar_MB[56]_MA[56]_LessThan_7_o_cy<17>)
     MUXCY:CI->O           1   0.023   0.000  COMP0/Mcompar_MB[56]_MA[56]_LessThan_7_o_cy<18> (COMP0/Mcompar_MB[56]_MA[56]_LessThan_7_o_cy<18>)
     MUXCY:CI->O           1   0.023   0.000  COMP0/Mcompar_MB[56]_MA[56]_LessThan_7_o_cy<19> (COMP0/Mcompar_MB[56]_MA[56]_LessThan_7_o_cy<19>)
     MUXCY:CI->O           1   0.023   0.000  COMP0/Mcompar_MB[56]_MA[56]_LessThan_7_o_cy<20> (COMP0/Mcompar_MB[56]_MA[56]_LessThan_7_o_cy<20>)
     MUXCY:CI->O           1   0.023   0.000  COMP0/Mcompar_MB[56]_MA[56]_LessThan_7_o_cy<21> (COMP0/Mcompar_MB[56]_MA[56]_LessThan_7_o_cy<21>)
     MUXCY:CI->O           1   0.023   0.000  COMP0/Mcompar_MB[56]_MA[56]_LessThan_7_o_cy<22> (COMP0/Mcompar_MB[56]_MA[56]_LessThan_7_o_cy<22>)
     MUXCY:CI->O           1   0.023   0.000  COMP0/Mcompar_MB[56]_MA[56]_LessThan_7_o_cy<23> (COMP0/Mcompar_MB[56]_MA[56]_LessThan_7_o_cy<23>)
     MUXCY:CI->O           1   0.023   0.000  COMP0/Mcompar_MB[56]_MA[56]_LessThan_7_o_cy<24> (COMP0/Mcompar_MB[56]_MA[56]_LessThan_7_o_cy<24>)
     MUXCY:CI->O           1   0.023   0.000  COMP0/Mcompar_MB[56]_MA[56]_LessThan_7_o_cy<25> (COMP0/Mcompar_MB[56]_MA[56]_LessThan_7_o_cy<25>)
     MUXCY:CI->O           1   0.023   0.000  COMP0/Mcompar_MB[56]_MA[56]_LessThan_7_o_cy<26> (COMP0/Mcompar_MB[56]_MA[56]_LessThan_7_o_cy<26>)
     MUXCY:CI->O           1   0.235   0.910  COMP0/Mcompar_MB[56]_MA[56]_LessThan_7_o_cy<27> (COMP0/Mcompar_MB[56]_MA[56]_LessThan_7_o_cy<27>)
     LUT3:I0->O          127   0.235   2.520  COMP0/Mcompar_MB[56]_MA[56]_LessThan_7_o_cy<28> (COMP0/MB[56]_MA[56]_LessThan_7_o)
     LUT6:I3->O           10   0.235   1.236  COMP0/C_MB[0]_AND_1_o1 (COMP0/C_MB[0]_AND_1_o)
     LUT3:I0->O            0   0.235   0.000  COMP0/Mmux_dif_A12 (COMP0/Mmux_dif_rs_A<0>)
     MUXCY:DI->O           1   0.181   0.000  COMP0/Mmux_dif_rs_cy<0> (COMP0/Mmux_dif_rs_cy<0>)
     MUXCY:CI->O           1   0.023   0.000  COMP0/Mmux_dif_rs_cy<1> (COMP0/Mmux_dif_rs_cy<1>)
     MUXCY:CI->O           1   0.023   0.000  COMP0/Mmux_dif_rs_cy<2> (COMP0/Mmux_dif_rs_cy<2>)
     MUXCY:CI->O           1   0.023   0.000  COMP0/Mmux_dif_rs_cy<3> (COMP0/Mmux_dif_rs_cy<3>)
     MUXCY:CI->O           1   0.023   0.000  COMP0/Mmux_dif_rs_cy<4> (COMP0/Mmux_dif_rs_cy<4>)
     XORCY:CI->O          50   0.206   2.276  COMP0/Mmux_dif_rs_xor<5> (COMP0/dif<5>)
     LUT6:I0->O            1   0.254   0.682  COMP0/dif[10]_GND_6_o_LessThan_17_o1_SW0 (N2)
     LUT6:I5->O           79   0.254   2.154  COMP0/dif[10]_GND_6_o_LessThan_17_o1 (COMP0/dif[10]_GND_6_o_LessThan_17_o)
     LUT2:I0->O           48   0.250   2.218  COMP0/Mmux_Dexp21 (Dexp_aux<1>)
     LUT6:I1->O            4   0.254   1.080  COMP1/SHFT<1>131 (COMP1/SHFT<1>_mmx_out20)
     LUT6:I2->O            2   0.254   1.156  COMP1/SHFT<3>162 (COMP1/SHFT<3>_mmx_out5)
     LUT6:I1->O            1   0.254   0.681  COMP1/COMP1[0].SHIFTER5_0.SHIFTER5_0COMP/Mmux_Z103 (MB_8_OBUF)
     OBUF:I->O                 2.912          MB_8_OBUF (MB<8>)
    ----------------------------------------
    Total                     25.778ns (8.254ns logic, 17.524ns route)
                                       (32.0% logic, 68.0% route)

=========================================================================

Cross Clock Domains Report:
--------------------------

=========================================================================


Total REAL time to Xst completion: 5.00 secs
Total CPU time to Xst completion: 4.53 secs
 
--> 


Total memory usage is 384244 kilobytes

Number of errors   :    0 (   0 filtered)
Number of warnings :    0 (   0 filtered)
Number of infos    :    1 (   0 filtered)

