INFO:sim:172 - Generating IP...
Resolving generics for 'sumatorIP'...
Applying external generics to 'sumatorIP'...
Finished delivering C-model simulation files.
Delivering associated files for 'sumatorIP'...
Delivering EJava files for 'sumatorIP'...
Generating implementation netlist for 'sumatorIP'...
INFO:sim - Pre-processing HDL files for 'sumatorIP'...
Running synthesis for 'sumatorIP'
Running ngcbuild...
Writing VHO instantiation template for 'sumatorIP'...
Writing VHDL behavioral simulation model for 'sumatorIP'...
Generating ASY schematic symbol...
INFO:sim:949 - Finished generation of ASY schematic symbol.
Generating SYM schematic symbol for 'sumatorIP'...
Generating metadata file...
Generating ISE project...
XCO file found: sumatorIP.xco
XMDF file found: sumatorIP_xmdf.tcl
Adding /home/dborquez/XilinxProjects/RK4/ipcore_dir/tmp/_cg/sumatorIP.asy -view
all -origin_type imported
Adding /home/dborquez/XilinxProjects/RK4/ipcore_dir/tmp/_cg/sumatorIP.ngc -view
all -origin_type created
WARNING: es_CL:es is not supported as a language.  Using usenglish.
Checking file
"/home/dborquez/XilinxProjects/RK4/ipcore_dir/tmp/_cg/sumatorIP.ngc" for project
device match ...
File "/home/dborquez/XilinxProjects/RK4/ipcore_dir/tmp/_cg/sumatorIP.ngc" device
information matches project device.
Adding /home/dborquez/XilinxProjects/RK4/ipcore_dir/tmp/_cg/sumatorIP.sym -view
all -origin_type imported
Adding /home/dborquez/XilinxProjects/RK4/ipcore_dir/tmp/_cg/sumatorIP.vhd -view
all -origin_type created
INFO:HDLCompiler:1061 - Parsing VHDL file
   "/home/dborquez/XilinxProjects/RK4/ipcore_dir/tmp/_cg/sumatorIP.vhd" into
   library work
INFO:ProjectMgmt - Parsing design hierarchy completed successfully.
Adding /home/dborquez/XilinxProjects/RK4/ipcore_dir/tmp/_cg/sumatorIP.vho -view
all -origin_type imported
INFO:TclTasksC:2116 - The automatic calculation of top has been turned-off.
   Please set the new top explicitly by running the "project set top" command.
   To re-calculate the new top automatically, set the "Auto Implementation Top"
   property to true.
Top level has been set to "/sumatorIP"
Generating README file...
Generating FLIST file...
INFO:sim:948 - Finished FLIST file generation.
Launching README viewer...
Moving files to output directory...
Finished moving files to output directory
Wrote CGP file for project 'sumatorIP'.
